c:\users\vand\desktop\toronto\jogotoronto\x64\release\vc142.pdb
c:\users\vand\desktop\toronto\jogotoronto\x64\release\file.obj
c:\users\vand\desktop\toronto\jogotoronto\x64\release\file.obj.enc
c:\users\vand\desktop\toronto\jogotoronto\x64\release\jogotoronto.ilk
c:\users\vand\desktop\toronto\jogotoronto\x64\release\allegro-debug.pdb
c:\users\vand\desktop\toronto\jogotoronto\x64\release\allegro_acodec-debug.pdb
c:\users\vand\desktop\toronto\jogotoronto\x64\release\allegro_audio-debug.pdb
c:\users\vand\desktop\toronto\jogotoronto\x64\release\allegro_color-debug.pdb
c:\users\vand\desktop\toronto\jogotoronto\x64\release\allegro_dialog-debug.pdb
c:\users\vand\desktop\toronto\jogotoronto\x64\release\allegro_font-debug.pdb
c:\users\vand\desktop\toronto\jogotoronto\x64\release\allegro_image-debug.pdb
c:\users\vand\desktop\toronto\jogotoronto\x64\release\allegro_memfile-debug.pdb
c:\users\vand\desktop\toronto\jogotoronto\x64\release\allegro_physfs-debug.pdb
c:\users\vand\desktop\toronto\jogotoronto\x64\release\allegro_primitives-debug.pdb
c:\users\vand\desktop\toronto\jogotoronto\x64\release\allegro_ttf-debug.pdb
c:\users\vand\desktop\toronto\jogotoronto\x64\release\allegro_video-debug.pdb
c:\users\vand\desktop\toronto\jogotoronto\x64\release\jogotoronto.pdb
c:\users\vand\desktop\toronto\jogotoronto\x64\release\jogotoronto.tlog\cl.command.1.tlog
c:\users\vand\desktop\toronto\jogotoronto\x64\release\jogotoronto.tlog\cl.read.1.tlog
c:\users\vand\desktop\toronto\jogotoronto\x64\release\jogotoronto.tlog\cl.write.1.tlog
c:\users\vand\desktop\toronto\jogotoronto\x64\release\jogotoronto.tlog\link.command.1.tlog
c:\users\vand\desktop\toronto\jogotoronto\x64\release\jogotoronto.tlog\link.read.1.tlog
c:\users\vand\desktop\toronto\jogotoronto\x64\release\jogotoronto.tlog\link.write.1.tlog
